  undistort.cpp
  正在生成代码...
  正在编译...
  main.cpp
  正在生成代码...
main.obj : error LNK2019: 无法解析的外部符号 "void __cdecl cv::fastFree(void *)" (?fastFree@cv@@YAXPEAX@Z)，该符号在函数 "public: __cdecl cv::Mat::~Mat(void)" (??1Mat@cv@@QEAA@XZ) 中被引用
undistort.obj : error LNK2001: 无法解析的外部符号 "void __cdecl cv::fastFree(void *)" (?fastFree@cv@@YAXPEAX@Z)
main.obj : error LNK2019: 无法解析的外部符号 "public: void __cdecl cv::Mat::deallocate(void)" (?deallocate@Mat@cv@@QEAAXXZ)，该符号在函数 "public: void __cdecl cv::Mat::release(void)" (?release@Mat@cv@@QEAAXXZ) 中被引用
undistort.obj : error LNK2001: 无法解析的外部符号 "public: void __cdecl cv::Mat::deallocate(void)" (?deallocate@Mat@cv@@QEAAXXZ)
main.obj : error LNK2019: 无法解析的外部符号 "int __cdecl cv::_interlockedExchangeAdd(int *,int)" (?_interlockedExchangeAdd@cv@@YAHPEAHH@Z)，该符号在函数 "public: void __cdecl cv::Mat::release(void)" (?release@Mat@cv@@QEAAXXZ) 中被引用
undistort.obj : error LNK2001: 无法解析的外部符号 "int __cdecl cv::_interlockedExchangeAdd(int *,int)" (?_interlockedExchangeAdd@cv@@YAHPEAHH@Z)
undistort.obj : error LNK2019: 无法解析的外部符号 "public: __cdecl cv::_InputArray::_InputArray(class cv::Mat const &)" (??0_InputArray@cv@@QEAA@AEBVMat@1@@Z)，该符号在函数 "public: void __cdecl UndistortImages::undistortImages(void)" (?undistortImages@UndistortImages@@QEAAXXZ) 中被引用
undistort.obj : error LNK2019: 无法解析的外部符号 "public: __cdecl cv::_OutputArray::_OutputArray(class cv::Mat &)" (??0_OutputArray@cv@@QEAA@AEAVMat@1@@Z)，该符号在函数 "public: void __cdecl UndistortImages::undistortImages(void)" (?undistortImages@UndistortImages@@QEAAXXZ) 中被引用
undistort.obj : error LNK2019: 无法解析的外部符号 "public: void __cdecl cv::Mat::copySize(class cv::Mat const &)" (?copySize@Mat@cv@@QEAAXAEBV12@@Z)，该符号在函数 "public: __cdecl cv::Mat::Mat(class cv::Mat const &)" (??0Mat@cv@@QEAA@AEBV01@@Z) 中被引用
undistort.obj : error LNK2019: 无法解析的外部符号 "public: __cdecl cv::FileStorage::FileStorage(class std::basic_string<char,struct std::char_traits<char>,class std::allocator<char> > const &,int,class std::basic_string<char,struct std::char_traits<char>,class std::allocator<char> > const &)" (??0FileStorage@cv@@QEAA@AEBV?$basic_string@DU?$char_traits@D@std@@V?$allocator@D@2@@std@@H0@Z)，该符号在函数 "public: void __cdecl UndistortImages::loadParameters(void)" (?loadParameters@UndistortImages@@QEAAXXZ) 中被引用
undistort.obj : error LNK2019: 无法解析的外部符号 "public: virtual __cdecl cv::FileStorage::~FileStorage(void)" (??1FileStorage@cv@@UEAA@XZ)，该符号在函数 "public: void __cdecl UndistortImages::loadParameters(void)" (?loadParameters@UndistortImages@@QEAAXXZ) 中被引用
undistort.obj : error LNK2019: 无法解析的外部符号 "public: virtual bool __cdecl cv::FileStorage::isOpened(void)const " (?isOpened@FileStorage@cv@@UEBA_NXZ)，该符号在函数 "public: void __cdecl UndistortImages::loadParameters(void)" (?loadParameters@UndistortImages@@QEAAXXZ) 中被引用
undistort.obj : error LNK2019: 无法解析的外部符号 "public: class cv::FileNode __cdecl cv::FileStorage::operator[](char const *)const " (??AFileStorage@cv@@QEBA?AVFileNode@1@PEBD@Z)，该符号在函数 "public: void __cdecl UndistortImages::loadParameters(void)" (?loadParameters@UndistortImages@@QEAAXXZ) 中被引用
undistort.obj : error LNK2019: 无法解析的外部符号 "void __cdecl cv::read(class cv::FileNode const &,class cv::Mat &,class cv::Mat const &)" (?read@cv@@YAXAEBVFileNode@1@AEAVMat@1@AEBV31@@Z)，该符号在函数 "void __cdecl cv::operator>><class cv::Mat>(class cv::FileNode const &,class cv::Mat &)" (??$?5VMat@cv@@@cv@@YAXAEBVFileNode@0@AEAVMat@0@@Z) 中被引用
undistort.obj : error LNK2019: 无法解析的外部符号 "public: static class cv::Formatter const * __cdecl cv::Formatter::get(char const *)" (?get@Formatter@cv@@SAPEBV12@PEBD@Z)，该符号在函数 "class std::basic_ostream<char,struct std::char_traits<char> > & __cdecl cv::operator<<(class std::basic_ostream<char,struct std::char_traits<char> > &,class cv::Mat const &)" (??6cv@@YAAEAV?$basic_ostream@DU?$char_traits@D@std@@@std@@AEAV12@AEBVMat@0@@Z) 中被引用
undistort.obj : error LNK2019: 无法解析的外部符号 "int __cdecl cv::waitKey(int)" (?waitKey@cv@@YAHH@Z)，该符号在函数 "public: void __cdecl UndistortImages::undistortImages(void)" (?undistortImages@UndistortImages@@QEAAXXZ) 中被引用
undistort.obj : error LNK2019: 无法解析的外部符号 "void __cdecl cv::imshow(class std::basic_string<char,struct std::char_traits<char>,class std::allocator<char> > const &,class cv::_InputArray const &)" (?imshow@cv@@YAXAEBV?$basic_string@DU?$char_traits@D@std@@V?$allocator@D@2@@std@@AEBV_InputArray@1@@Z)，该符号在函数 "public: void __cdecl UndistortImages::undistortImages(void)" (?undistortImages@UndistortImages@@QEAAXXZ) 中被引用
undistort.obj : error LNK2019: 无法解析的外部符号 "class cv::Mat __cdecl cv::imread(class std::basic_string<char,struct std::char_traits<char>,class std::allocator<char> > const &,int)" (?imread@cv@@YA?AVMat@1@AEBV?$basic_string@DU?$char_traits@D@std@@V?$allocator@D@2@@std@@H@Z)，该符号在函数 "public: void __cdecl UndistortImages::loadImage(void)" (?loadImage@UndistortImages@@QEAAXXZ) 中被引用
undistort.obj : error LNK2019: 无法解析的外部符号 "bool __cdecl cv::imwrite(class std::basic_string<char,struct std::char_traits<char>,class std::allocator<char> > const &,class cv::_InputArray const &,class std::vector<int,class std::allocator<int> > const &)" (?imwrite@cv@@YA_NAEBV?$basic_string@DU?$char_traits@D@std@@V?$allocator@D@2@@std@@AEBV_InputArray@1@AEBV?$vector@HV?$allocator@H@std@@@3@@Z)，该符号在函数 "public: void __cdecl UndistortImages::undistortImages(void)" (?undistortImages@UndistortImages@@QEAAXXZ) 中被引用
undistort.obj : error LNK2019: 无法解析的外部符号 "void __cdecl cv::undistort(class cv::_InputArray const &,class cv::_OutputArray const &,class cv::_InputArray const &,class cv::_InputArray const &,class cv::_InputArray const &)" (?undistort@cv@@YAXAEBV_InputArray@1@AEBV_OutputArray@1@000@Z)，该符号在函数 "public: void __cdecl UndistortImages::undistortImages(void)" (?undistortImages@UndistortImages@@QEAAXXZ) 中被引用
D:\VSproject\fisheyeTransform\x64\Debug\fisheyeTransform.exe : fatal error LNK1120: 17 个无法解析的外部命令
